2016-05-11 12:03:53 INFO (6): Loading
2016-05-11 12:03:53 INFO (6): OK
2016-05-11 12:04:08 INFO (6): Loading
2016-05-11 12:04:08 INFO (6): OK
2016-05-11 12:07:29 INFO (6): Loading
2016-05-11 12:07:29 INFO (6): OK
2016-05-11 12:08:23 INFO (6): Loading
2016-05-11 12:08:23 INFO (6): OK
2016-05-11 12:10:40 INFO (6): Loading
2016-05-11 12:10:40 INFO (6): OK
2016-05-11 12:13:32 INFO (6): Loading
2016-05-11 12:13:32 INFO (6): OK
2016-05-11 12:14:03 INFO (6): Loading
2016-05-11 12:14:03 INFO (6): OK
2016-05-11 12:16:20 INFO (6): Loading
2016-05-11 12:16:20 INFO (6): OK
2016-05-11 12:18:36 INFO (6): Loading
2016-05-11 12:18:36 INFO (6): OK
2016-05-11 12:21:22 INFO (6): Loading
2016-05-11 12:21:22 INFO (6): OK
2016-05-11 12:24:08 INFO (6): Loading
2016-05-11 12:24:08 INFO (6): OK
2016-05-11 12:25:29 INFO (6): Loading
2016-05-11 12:25:29 INFO (6): OK
2016-05-11 12:25:55 INFO (6): Loading
2016-05-11 12:25:55 INFO (6): OK
2016-05-11 12:26:21 INFO (6): Loading
2016-05-11 12:26:21 INFO (6): OK
2016-05-11 12:26:55 INFO (6): Loading
2016-05-11 12:26:55 INFO (6): OK
2016-05-11 12:27:39 INFO (6): Loading
2016-05-11 12:27:39 INFO (6): OK
2016-05-11 12:28:27 INFO (6): Loading
2016-05-11 12:28:27 INFO (6): OK
2016-05-11 12:35:28 INFO (6): Loading
2016-05-11 12:35:28 INFO (6): OK
2016-05-11 12:43:49 INFO (6): Loading
2016-05-11 12:43:49 INFO (6): OK
2016-05-11 12:46:39 INFO (6): Loading
2016-05-11 12:46:39 INFO (6): OK
2016-05-11 12:49:36 INFO (6): Loading
2016-05-11 12:49:36 INFO (6): OK
2016-05-11 12:50:20 INFO (6): Loading
2016-05-11 12:50:20 INFO (6): OK
2016-05-11 12:52:28 INFO (6): Loading
2016-05-11 12:52:28 INFO (6): OK
2016-05-11 12:53:30 INFO (6): Loading
2016-05-11 12:53:30 INFO (6): OK
2016-05-11 13:17:40 INFO (6): Loading
2016-05-11 13:17:40 INFO (6): OK
2016-05-11 13:58:17 INFO (6): Loading
2016-05-11 13:58:18 INFO (6): OK
2016-05-11 13:58:51 INFO (6): Loading
2016-05-11 13:58:51 INFO (6): OK
2016-05-11 13:59:57 INFO (6): Loading
2016-05-11 13:59:57 INFO (6): OK
2016-05-11 14:01:49 INFO (6): Loading
2016-05-11 14:01:49 INFO (6): OK
2016-05-11 14:03:41 INFO (6): Loading
2016-05-11 14:03:41 INFO (6): OK
2016-05-11 14:07:03 INFO (6): Loading
2016-05-11 14:07:03 INFO (6): OK
2016-05-11 14:10:31 INFO (6): Loading
2016-05-11 14:10:31 INFO (6): OK
2016-05-11 14:24:05 INFO (6): Loading
2016-05-11 14:24:05 INFO (6): OK
2016-05-11 14:26:21 INFO (6): Loading
2016-05-11 14:26:21 INFO (6): OK
2016-05-11 14:27:54 INFO (6): Loading
2016-05-11 14:27:54 INFO (6): OK
2016-05-11 14:29:10 INFO (6): Loading
2016-05-11 14:29:10 INFO (6): OK
2016-05-11 14:33:52 INFO (6): Loading
2016-05-11 14:33:52 INFO (6): OK
2016-05-11 14:36:03 INFO (6): Loading
2016-05-11 14:36:03 INFO (6): OK
2016-05-11 15:00:05 INFO (6): Loading
2016-05-11 15:00:05 INFO (6): OK
2016-05-11 15:07:11 INFO (6): Loading
2016-05-11 15:07:11 INFO (6): OK
2016-05-11 15:09:49 INFO (6): Loading
2016-05-11 15:09:49 INFO (6): OK
2016-05-11 15:23:00 INFO (6): Loading
2016-05-11 15:23:00 INFO (6): OK
2016-05-11 15:23:28 INFO (6): Loading
2016-05-11 15:23:28 INFO (6): OK
2016-05-11 15:34:29 INFO (6): Loading
2016-05-11 15:34:29 INFO (6): OK
2016-05-11 15:38:18 INFO (6): Loading
2016-05-11 15:38:18 INFO (6): OK
2016-05-11 15:39:07 INFO (6): Loading
2016-05-11 15:39:07 INFO (6): OK
2016-05-11 15:39:12 INFO (6): Loading
2016-05-11 15:39:12 INFO (6): OK
2016-05-11 15:39:58 INFO (6): Loading
2016-05-11 15:39:58 INFO (6): OK
2016-05-11 15:40:57 INFO (6): Loading
2016-05-11 15:40:57 INFO (6): OK
2016-05-11 15:43:27 INFO (6): Loading
2016-05-11 15:43:27 INFO (6): OK
2016-05-11 15:43:36 INFO (6): Loading
2016-05-11 15:43:36 INFO (6): OK
2016-05-11 15:48:40 INFO (6): Loading
2016-05-11 15:48:40 INFO (6): OK
2016-05-11 15:50:56 INFO (6): Loading
2016-05-11 15:50:56 INFO (6): OK
2016-05-11 15:55:26 INFO (6): Loading
2016-05-11 15:55:26 INFO (6): OK
2016-05-11 16:06:21 INFO (6): Loading
2016-05-11 16:06:21 INFO (6): OK
2016-05-11 16:07:50 INFO (6): Loading
2016-05-11 16:07:50 INFO (6): OK
2016-05-11 16:09:54 INFO (6): Loading
2016-05-11 16:09:54 INFO (6): OK
2016-05-11 16:11:45 INFO (6): Loading
2016-05-11 16:11:45 INFO (6): OK
2016-05-11 16:35:48 INFO (6): Loading
2016-05-11 16:35:48 INFO (6): OK
2016-05-11 16:39:14 INFO (6): Loading
2016-05-11 16:39:14 INFO (6): OK
2016-05-11 16:39:24 INFO (6): Loading
2016-05-11 16:39:24 INFO (6): OK
2016-05-11 16:39:39 INFO (6): Loading
2016-05-11 16:39:39 INFO (6): OK
2016-05-11 16:39:44 INFO (6): Loading
2016-05-11 16:39:44 INFO (6): OK
2016-05-11 16:40:16 INFO (6): Loading
2016-05-11 16:40:16 INFO (6): OK
2016-05-11 16:41:02 INFO (6): Loading
2016-05-11 16:41:02 INFO (6): OK
2016-05-11 16:41:51 INFO (6): Loading
2016-05-11 16:41:51 INFO (6): OK
2016-05-11 16:42:48 INFO (6): Loading
2016-05-11 16:42:48 INFO (6): OK
2016-05-11 16:43:16 INFO (6): Loading
2016-05-11 16:43:16 INFO (6): OK
2016-05-11 16:43:30 INFO (6): Loading
2016-05-11 16:43:30 INFO (6): OK
2016-05-11 16:44:08 INFO (6): Loading
2016-05-11 16:44:08 INFO (6): OK
2016-05-11 17:05:16 INFO (6): Loading
2016-05-11 17:05:16 INFO (6): OK
2016-05-11 17:06:10 INFO (6): Loading
2016-05-11 17:06:10 INFO (6): OK
2016-05-11 17:06:48 INFO (6): Loading
2016-05-11 17:06:48 INFO (6): OK
2016-05-11 17:07:44 INFO (6): Loading
2016-05-11 17:07:44 INFO (6): OK
2016-05-11 17:12:35 INFO (6): Loading
2016-05-11 17:12:35 INFO (6): OK
2016-05-11 17:13:44 INFO (6): Loading
2016-05-11 17:13:44 INFO (6): OK
2016-05-11 17:15:12 INFO (6): Loading
2016-05-11 17:15:12 INFO (6): OK
2016-05-11 17:15:56 INFO (6): Loading
2016-05-11 17:15:56 INFO (6): OK
2016-05-11 17:17:37 INFO (6): Loading
2016-05-11 17:17:37 INFO (6): OK
2016-05-11 17:21:35 INFO (6): Loading
2016-05-11 17:21:35 INFO (6): OK
2016-05-11 17:24:42 INFO (6): Loading
2016-05-11 17:24:42 INFO (6): OK
2016-05-11 17:30:00 INFO (6): Loading
2016-05-11 17:30:00 INFO (6): OK
2016-05-11 17:31:44 INFO (6): Loading
2016-05-11 17:31:44 INFO (6): OK
2016-05-11 17:34:02 INFO (6): Loading
2016-05-11 17:34:02 INFO (6): OK
2016-05-11 17:34:19 INFO (6): Malaysia
2016-05-11 17:34:19 INFO (6): pe
2016-05-11 17:34:21 INFO (6): Malaysia
2016-05-11 17:34:21 INFO (6): pe
2016-05-11 17:34:22 INFO (6): Malaysia
2016-05-11 17:34:22 INFO (6): pe
2016-05-11 17:34:26 INFO (6): Malaysia
2016-05-11 17:34:26 INFO (6): pe
2016-05-11 17:35:18 INFO (6): Loading
2016-05-11 17:35:18 INFO (6): OK
2016-05-11 17:35:37 INFO (6): Malaysia
2016-05-11 17:35:37 INFO (6): k
2016-05-11 17:35:40 INFO (6): Malaysia
2016-05-11 17:35:40 INFO (6): kuala
2016-05-11 17:37:55 INFO (6): Loading
2016-05-11 17:37:55 INFO (6): OK
2016-05-11 17:38:11 INFO (6): Malaysia
2016-05-11 17:38:11 INFO (6):
2016-05-11 17:38:13 INFO (6): Malaysia
2016-05-11 17:38:13 INFO (6):
2016-05-11 17:38:14 INFO (6): Malaysia
2016-05-11 17:38:14 INFO (6):
2016-05-11 17:38:15 INFO (6): Malaysia
2016-05-11 17:38:15 INFO (6):
2016-05-11 17:38:16 INFO (6): Malaysia
2016-05-11 17:38:16 INFO (6):
2016-05-11 17:39:35 INFO (6): Malaysia
2016-05-11 17:39:35 INFO (6): Johor Darul Takzim
2016-05-11 17:39:39 INFO (6): Malaysia
2016-05-11 17:39:39 INFO (6): Johor Darul Takzim
2016-05-11 17:39:43 INFO (6): Malaysia
2016-05-11 17:39:43 INFO (6):
2016-05-11 17:40:33 INFO (6): Malaysia
2016-05-11 17:40:33 INFO (6):
2016-05-11 17:43:22 INFO (6): Loading
2016-05-11 17:43:22 INFO (6): OK
2016-05-11 17:43:30 INFO (6): Malaysia
2016-05-11 17:43:30 INFO (6): Wilayah Persekutuan Kuala Lumpur
2016-05-11 17:43:32 INFO (6): Malaysia
2016-05-11 17:43:32 INFO (6): Wilayah Persekutuan Kuala Lumpur
2016-05-11 17:43:45 INFO (6): Malaysia
2016-05-11 17:43:45 INFO (6):
2016-05-11 17:43:45 INFO (6): Malaysia
2016-05-11 17:43:45 INFO (6):
2016-05-11 17:43:46 INFO (6): Malaysia
2016-05-11 17:43:46 INFO (6):
2016-05-11 17:45:54 INFO (6): Malaysia
2016-05-11 17:45:54 INFO (6):
2016-05-11 17:46:26 INFO (6): Malaysia
2016-05-11 17:46:26 INFO (6): Perak Darul Ridzuan
2016-05-11 17:46:42 INFO (6): Malaysia
2016-05-11 17:46:42 INFO (6):
2016-05-11 17:46:43 INFO (6): Malaysia
2016-05-11 17:46:43 INFO (6):
2016-05-11 17:46:43 INFO (6): Malaysia
2016-05-11 17:46:43 INFO (6):
2016-05-11 17:46:57 INFO (6): Malaysia
2016-05-11 17:46:57 INFO (6): Perak Darul Ridzuan
2016-05-11 17:48:28 INFO (6): Malaysia
2016-05-11 17:48:28 INFO (6): a
2016-05-11 17:48:30 INFO (6): Malaysia
2016-05-11 17:48:30 INFO (6): ab
2016-05-11 17:50:05 INFO (6): Loading
2016-05-11 17:50:05 INFO (6): OK
2016-05-11 17:50:15 INFO (6): Malaysia
2016-05-11 17:50:15 INFO (6):
2016-05-11 17:50:15 WARN (4): strpos(): Empty needle {"errno":2,"file":"/Library/WebServer/Documents/Core/vendor/Techfever/Address/State.php","line":155}
2016-05-11 17:50:15 WARN (4): strpos(): Empty needle {"errno":2,"file":"/Library/WebServer/Documents/Core/vendor/Techfever/Address/State.php","line":155}
2016-05-11 17:50:15 WARN (4): strpos(): Empty needle {"errno":2,"file":"/Library/WebServer/Documents/Core/vendor/Techfever/Address/State.php","line":155}
2016-05-11 17:50:15 WARN (4): strpos(): Empty needle {"errno":2,"file":"/Library/WebServer/Documents/Core/vendor/Techfever/Address/State.php","line":155}
2016-05-11 17:50:15 WARN (4): strpos(): Empty needle {"errno":2,"file":"/Library/WebServer/Documents/Core/vendor/Techfever/Address/State.php","line":155}
2016-05-11 17:50:15 WARN (4): strpos(): Empty needle {"errno":2,"file":"/Library/WebServer/Documents/Core/vendor/Techfever/Address/State.php","line":155}
2016-05-11 17:50:15 WARN (4): strpos(): Empty needle {"errno":2,"file":"/Library/WebServer/Documents/Core/vendor/Techfever/Address/State.php","line":155}
2016-05-11 17:50:15 WARN (4): strpos(): Empty needle {"errno":2,"file":"/Library/WebServer/Documents/Core/vendor/Techfever/Address/State.php","line":155}
2016-05-11 17:50:15 WARN (4): strpos(): Empty needle {"errno":2,"file":"/Library/WebServer/Documents/Core/vendor/Techfever/Address/State.php","line":155}
2016-05-11 17:50:15 WARN (4): strpos(): Empty needle {"errno":2,"file":"/Library/WebServer/Documents/Core/vendor/Techfever/Address/State.php","line":155}
2016-05-11 17:50:15 WARN (4): strpos(): Empty needle {"errno":2,"file":"/Library/WebServer/Documents/Core/vendor/Techfever/Address/State.php","line":155}
2016-05-11 17:50:15 WARN (4): strpos(): Empty needle {"errno":2,"file":"/Library/WebServer/Documents/Core/vendor/Techfever/Address/State.php","line":155}
2016-05-11 17:50:15 WARN (4): strpos(): Empty needle {"errno":2,"file":"/Library/WebServer/Documents/Core/vendor/Techfever/Address/State.php","line":155}
2016-05-11 17:50:15 WARN (4): strpos(): Empty needle {"errno":2,"file":"/Library/WebServer/Documents/Core/vendor/Techfever/Address/State.php","line":155}
2016-05-11 17:50:15 WARN (4): strpos(): Empty needle {"errno":2,"file":"/Library/WebServer/Documents/Core/vendor/Techfever/Address/State.php","line":155}
2016-05-11 17:50:15 WARN (4): strpos(): Empty needle {"errno":2,"file":"/Library/WebServer/Documents/Core/vendor/Techfever/Address/State.php","line":155}
2016-05-11 17:50:21 INFO (6): Malaysia
2016-05-11 17:50:21 INFO (6):
2016-05-11 17:50:21 WARN (4): strpos(): Empty needle {"errno":2,"file":"/Library/WebServer/Documents/Core/vendor/Techfever/Address/State.php","line":155}
2016-05-11 17:50:21 WARN (4): strpos(): Empty needle {"errno":2,"file":"/Library/WebServer/Documents/Core/vendor/Techfever/Address/State.php","line":155}
2016-05-11 17:50:21 WARN (4): strpos(): Empty needle {"errno":2,"file":"/Library/WebServer/Documents/Core/vendor/Techfever/Address/State.php","line":155}
2016-05-11 17:50:21 WARN (4): strpos(): Empty needle {"errno":2,"file":"/Library/WebServer/Documents/Core/vendor/Techfever/Address/State.php","line":155}
2016-05-11 17:50:21 WARN (4): strpos(): Empty needle {"errno":2,"file":"/Library/WebServer/Documents/Core/vendor/Techfever/Address/State.php","line":155}
2016-05-11 17:50:21 WARN (4): strpos(): Empty needle {"errno":2,"file":"/Library/WebServer/Documents/Core/vendor/Techfever/Address/State.php","line":155}
2016-05-11 17:50:21 WARN (4): strpos(): Empty needle {"errno":2,"file":"/Library/WebServer/Documents/Core/vendor/Techfever/Address/State.php","line":155}
2016-05-11 17:50:21 WARN (4): strpos(): Empty needle {"errno":2,"file":"/Library/WebServer/Documents/Core/vendor/Techfever/Address/State.php","line":155}
2016-05-11 17:50:21 WARN (4): strpos(): Empty needle {"errno":2,"file":"/Library/WebServer/Documents/Core/vendor/Techfever/Address/State.php","line":155}
2016-05-11 17:50:21 WARN (4): strpos(): Empty needle {"errno":2,"file":"/Library/WebServer/Documents/Core/vendor/Techfever/Address/State.php","line":155}
2016-05-11 17:50:21 WARN (4): strpos(): Empty needle {"errno":2,"file":"/Library/WebServer/Documents/Core/vendor/Techfever/Address/State.php","line":155}
2016-05-11 17:50:21 WARN (4): strpos(): Empty needle {"errno":2,"file":"/Library/WebServer/Documents/Core/vendor/Techfever/Address/State.php","line":155}
2016-05-11 17:50:21 WARN (4): strpos(): Empty needle {"errno":2,"file":"/Library/WebServer/Documents/Core/vendor/Techfever/Address/State.php","line":155}
2016-05-11 17:50:21 WARN (4): strpos(): Empty needle {"errno":2,"file":"/Library/WebServer/Documents/Core/vendor/Techfever/Address/State.php","line":155}
2016-05-11 17:50:21 WARN (4): strpos(): Empty needle {"errno":2,"file":"/Library/WebServer/Documents/Core/vendor/Techfever/Address/State.php","line":155}
2016-05-11 17:50:21 WARN (4): strpos(): Empty needle {"errno":2,"file":"/Library/WebServer/Documents/Core/vendor/Techfever/Address/State.php","line":155}
2016-05-11 17:50:22 INFO (6): Malaysia
2016-05-11 17:50:22 INFO (6):
2016-05-11 17:50:22 WARN (4): strpos(): Empty needle {"errno":2,"file":"/Library/WebServer/Documents/Core/vendor/Techfever/Address/State.php","line":155}
2016-05-11 17:50:22 WARN (4): strpos(): Empty needle {"errno":2,"file":"/Library/WebServer/Documents/Core/vendor/Techfever/Address/State.php","line":155}
2016-05-11 17:50:22 WARN (4): strpos(): Empty needle {"errno":2,"file":"/Library/WebServer/Documents/Core/vendor/Techfever/Address/State.php","line":155}
2016-05-11 17:50:22 WARN (4): strpos(): Empty needle {"errno":2,"file":"/Library/WebServer/Documents/Core/vendor/Techfever/Address/State.php","line":155}
2016-05-11 17:50:22 WARN (4): strpos(): Empty needle {"errno":2,"file":"/Library/WebServer/Documents/Core/vendor/Techfever/Address/State.php","line":155}
2016-05-11 17:50:22 WARN (4): strpos(): Empty needle {"errno":2,"file":"/Library/WebServer/Documents/Core/vendor/Techfever/Address/State.php","line":155}
2016-05-11 17:50:22 WARN (4): strpos(): Empty needle {"errno":2,"file":"/Library/WebServer/Documents/Core/vendor/Techfever/Address/State.php","line":155}
2016-05-11 17:50:22 WARN (4): strpos(): Empty needle {"errno":2,"file":"/Library/WebServer/Documents/Core/vendor/Techfever/Address/State.php","line":155}
2016-05-11 17:50:22 WARN (4): strpos(): Empty needle {"errno":2,"file":"/Library/WebServer/Documents/Core/vendor/Techfever/Address/State.php","line":155}
2016-05-11 17:50:22 WARN (4): strpos(): Empty needle {"errno":2,"file":"/Library/WebServer/Documents/Core/vendor/Techfever/Address/State.php","line":155}
2016-05-11 17:50:22 WARN (4): strpos(): Empty needle {"errno":2,"file":"/Library/WebServer/Documents/Core/vendor/Techfever/Address/State.php","line":155}
2016-05-11 17:50:22 WARN (4): strpos(): Empty needle {"errno":2,"file":"/Library/WebServer/Documents/Core/vendor/Techfever/Address/State.php","line":155}
2016-05-11 17:50:22 WARN (4): strpos(): Empty needle {"errno":2,"file":"/Library/WebServer/Documents/Core/vendor/Techfever/Address/State.php","line":155}
2016-05-11 17:50:22 WARN (4): strpos(): Empty needle {"errno":2,"file":"/Library/WebServer/Documents/Core/vendor/Techfever/Address/State.php","line":155}
2016-05-11 17:50:22 WARN (4): strpos(): Empty needle {"errno":2,"file":"/Library/WebServer/Documents/Core/vendor/Techfever/Address/State.php","line":155}
2016-05-11 17:50:22 WARN (4): strpos(): Empty needle {"errno":2,"file":"/Library/WebServer/Documents/Core/vendor/Techfever/Address/State.php","line":155}
2016-05-11 17:51:54 INFO (6): Malaysia
2016-05-11 17:51:54 INFO (6):
2016-05-11 17:52:07 INFO (6): Malaysia
2016-05-11 17:52:07 INFO (6):
